<?xml version="1.0" encoding="UTF-8"?>
<testsuite xmlns:xsi="http://www.w3.org/2001/XMLSchema-instance" xsi:noNamespaceSchemaLocation="https://maven.apache.org/surefire/maven-surefire-plugin/xsd/surefire-test-report.xsd" name="TestSuite" time="51.667" tests="1" errors="0" skipped="0" failures="1">
  <properties>
    <property name="sun.desktop" value="windows"/>
    <property name="awt.toolkit" value="sun.awt.windows.WToolkit"/>
    <property name="file.encoding.pkg" value="sun.io"/>
    <property name="java.specification.version" value="1.8"/>
    <property name="sun.cpu.isalist" value="amd64"/>
    <property name="sun.jnu.encoding" value="Cp1252"/>
    <property name="java.class.path" value="C:\Users\Ajay Kumar\IdeaProjects\automation-framework-pom\target\test-classes;C:\Users\Ajay Kumar\IdeaProjects\automation-framework-pom\target\classes;C:\Users\Ajay Kumar\.m2\repository\org\seleniumhq\selenium\htmlunit-driver\2.39.0\htmlunit-driver-2.39.0.jar;C:\Users\Ajay Kumar\.m2\repository\org\seleniumhq\selenium\selenium-api\3.141.59\selenium-api-3.141.59.jar;C:\Users\Ajay Kumar\.m2\repository\org\seleniumhq\selenium\selenium-support\3.141.59\selenium-support-3.141.59.jar;C:\Users\Ajay Kumar\.m2\repository\net\sourceforge\htmlunit\htmlunit\2.39.0\htmlunit-2.39.0.jar;C:\Users\Ajay Kumar\.m2\repository\org\brotli\dec\0.1.2\dec-0.1.2.jar;C:\Users\Ajay Kumar\.m2\repository\org\seleniumhq\selenium\selenium-remote-driver\3.141.59\selenium-remote-driver-3.141.59.jar;C:\Users\Ajay Kumar\.m2\repository\net\bytebuddy\byte-buddy\1.8.15\byte-buddy-1.8.15.jar;C:\Users\Ajay Kumar\.m2\repository\org\apache\commons\commons-exec\1.3\commons-exec-1.3.jar;C:\Users\Ajay Kumar\.m2\repository\com\google\guava\guava\25.0-jre\guava-25.0-jre.jar;C:\Users\Ajay Kumar\.m2\repository\com\google\code\findbugs\jsr305\1.3.9\jsr305-1.3.9.jar;C:\Users\Ajay Kumar\.m2\repository\org\checkerframework\checker-compat-qual\2.0.0\checker-compat-qual-2.0.0.jar;C:\Users\Ajay Kumar\.m2\repository\com\google\errorprone\error_prone_annotations\2.1.3\error_prone_annotations-2.1.3.jar;C:\Users\Ajay Kumar\.m2\repository\com\google\j2objc\j2objc-annotations\1.1\j2objc-annotations-1.1.jar;C:\Users\Ajay Kumar\.m2\repository\org\codehaus\mojo\animal-sniffer-annotations\1.14\animal-sniffer-annotations-1.14.jar;C:\Users\Ajay Kumar\.m2\repository\com\squareup\okhttp3\okhttp\3.11.0\okhttp-3.11.0.jar;C:\Users\Ajay Kumar\.m2\repository\com\squareup\okio\okio\1.14.0\okio-1.14.0.jar;C:\Users\Ajay Kumar\.m2\repository\org\seleniumhq\selenium\selenium-java\3.141.59\selenium-java-3.141.59.jar;C:\Users\Ajay Kumar\.m2\repository\org\seleniumhq\selenium\selenium-chrome-driver\3.141.59\selenium-chrome-driver-3.141.59.jar;C:\Users\Ajay Kumar\.m2\repository\org\seleniumhq\selenium\selenium-edge-driver\3.141.59\selenium-edge-driver-3.141.59.jar;C:\Users\Ajay Kumar\.m2\repository\org\seleniumhq\selenium\selenium-firefox-driver\3.141.59\selenium-firefox-driver-3.141.59.jar;C:\Users\Ajay Kumar\.m2\repository\org\seleniumhq\selenium\selenium-ie-driver\3.141.59\selenium-ie-driver-3.141.59.jar;C:\Users\Ajay Kumar\.m2\repository\org\seleniumhq\selenium\selenium-opera-driver\3.141.59\selenium-opera-driver-3.141.59.jar;C:\Users\Ajay Kumar\.m2\repository\org\seleniumhq\selenium\selenium-safari-driver\3.141.59\selenium-safari-driver-3.141.59.jar;C:\Users\Ajay Kumar\.m2\repository\javax\mail\mail\1.4\mail-1.4.jar;C:\Users\Ajay Kumar\.m2\repository\javax\activation\activation\1.1\activation-1.1.jar;C:\Users\Ajay Kumar\.m2\repository\org\apache\logging\log4j\log4j-core\2.13.0\log4j-core-2.13.0.jar;C:\Users\Ajay Kumar\.m2\repository\org\apache\logging\log4j\log4j-api\2.13.0\log4j-api-2.13.0.jar;C:\Users\Ajay Kumar\.m2\repository\org\assertj\assertj-core\3.14.0\assertj-core-3.14.0.jar;C:\Users\Ajay Kumar\.m2\repository\io\github\bonigarcia\webdrivermanager\2.2.1\webdrivermanager-2.2.1.jar;C:\Users\Ajay Kumar\.m2\repository\org\slf4j\slf4j-api\1.7.24\slf4j-api-1.7.24.jar;C:\Users\Ajay Kumar\.m2\repository\org\apache\commons\commons-lang3\3.5\commons-lang3-3.5.jar;C:\Users\Ajay Kumar\.m2\repository\org\apache\httpcomponents\httpclient\4.5.3\httpclient-4.5.3.jar;C:\Users\Ajay Kumar\.m2\repository\org\rauschig\jarchivelib\0.7.1\jarchivelib-0.7.1.jar;C:\Users\Ajay Kumar\.m2\repository\org\jsoup\jsoup\1.10.2\jsoup-1.10.2.jar;C:\Users\Ajay Kumar\.m2\repository\ch\qos\logback\logback-classic\1.2.3\logback-classic-1.2.3.jar;C:\Users\Ajay Kumar\.m2\repository\ch\qos\logback\logback-core\1.2.3\logback-core-1.2.3.jar;C:\Users\Ajay Kumar\.m2\repository\ru\yandex\qatools\ashot\ashot\1.5.2\ashot-1.5.2.jar;C:\Users\Ajay Kumar\.m2\repository\org\hamcrest\hamcrest-all\1.3\hamcrest-all-1.3.jar;C:\Users\Ajay Kumar\.m2\repository\com\googlecode\lambdaj\lambdaj\2.3.3\lambdaj-2.3.3.jar;C:\Users\Ajay Kumar\.m2\repository\org\objenesis\objenesis\1.2\objenesis-1.2.jar;C:\Users\Ajay Kumar\.m2\repository\cglib\cglib-nodep\2.2\cglib-nodep-2.2.jar;C:\Users\Ajay Kumar\.m2\repository\org\testng\testng\7.0.0\testng-7.0.0.jar;C:\Users\Ajay Kumar\.m2\repository\com\beust\jcommander\1.72\jcommander-1.72.jar;C:\Users\Ajay Kumar\.m2\repository\com\deque\axe-selenium\3.0\axe-selenium-3.0.jar;C:\Users\Ajay Kumar\.m2\repository\org\json\json\20160212\json-20160212.jar;C:\Users\Ajay Kumar\.m2\repository\org\apache\poi\poi\4.1.1\poi-4.1.1.jar;C:\Users\Ajay Kumar\.m2\repository\commons-codec\commons-codec\1.13\commons-codec-1.13.jar;C:\Users\Ajay Kumar\.m2\repository\org\apache\commons\commons-collections4\4.4\commons-collections4-4.4.jar;C:\Users\Ajay Kumar\.m2\repository\org\apache\commons\commons-math3\3.6.1\commons-math3-3.6.1.jar;C:\Users\Ajay Kumar\.m2\repository\org\apache\poi\poi-ooxml\4.1.1\poi-ooxml-4.1.1.jar;C:\Users\Ajay Kumar\.m2\repository\org\apache\poi\poi-ooxml-schemas\4.1.1\poi-ooxml-schemas-4.1.1.jar;C:\Users\Ajay Kumar\.m2\repository\org\apache\xmlbeans\xmlbeans\3.1.0\xmlbeans-3.1.0.jar;C:\Users\Ajay Kumar\.m2\repository\org\apache\commons\commons-compress\1.19\commons-compress-1.19.jar;C:\Users\Ajay Kumar\.m2\repository\com\github\virtuald\curvesapi\1.06\curvesapi-1.06.jar;C:\Users\Ajay Kumar\.m2\repository\org\seleniumhq\selenium\selenium-server\3.14.0\selenium-server-3.14.0.jar;C:\Users\Ajay Kumar\.m2\repository\org\apache\commons\commons-text\1.1\commons-text-1.1.jar;C:\Users\Ajay Kumar\.m2\repository\commons-logging\commons-logging\1.2\commons-logging-1.2.jar;C:\Users\Ajay Kumar\.m2\repository\commons-net\commons-net\3.6\commons-net-3.6.jar;C:\Users\Ajay Kumar\.m2\repository\net\sourceforge\htmlunit\htmlunit-core-js\2.28\htmlunit-core-js-2.28.jar;C:\Users\Ajay Kumar\.m2\repository\net\sourceforge\htmlunit\htmlunit-cssparser\1.0.0\htmlunit-cssparser-1.0.0.jar;C:\Users\Ajay Kumar\.m2\repository\net\sourceforge\htmlunit\neko-htmlunit\2.30\neko-htmlunit-2.30.jar;C:\Users\Ajay Kumar\.m2\repository\org\apache\httpcomponents\httpcore\4.4.9\httpcore-4.4.9.jar;C:\Users\Ajay Kumar\.m2\repository\org\apache\httpcomponents\httpmime\4.5.5\httpmime-4.5.5.jar;C:\Users\Ajay Kumar\.m2\repository\net\jcip\jcip-annotations\1.0\jcip-annotations-1.0.jar;C:\Users\Ajay Kumar\.m2\repository\org\seleniumhq\selenium\jetty-repacked\9.4.8.v20180619\jetty-repacked-9.4.8.v20180619.jar;C:\Users\Ajay Kumar\.m2\repository\org\eclipse\jetty\jetty-client\9.4.8.v20180619\jetty-client-9.4.8.v20180619.jar;C:\Users\Ajay Kumar\.m2\repository\org\eclipse\jetty\jetty-http\9.4.8.v20180619\jetty-http-9.4.8.v20180619.jar;C:\Users\Ajay Kumar\.m2\repository\org\eclipse\jetty\jetty-io\9.4.8.v20180619\jetty-io-9.4.8.v20180619.jar;C:\Users\Ajay Kumar\.m2\repository\org\eclipse\jetty\jetty-util\9.4.8.v20180619\jetty-util-9.4.8.v20180619.jar;C:\Users\Ajay Kumar\.m2\repository\org\eclipse\jetty\jetty-xml\9.4.8.v20180619\jetty-xml-9.4.8.v20180619.jar;C:\Users\Ajay Kumar\.m2\repository\javax\servlet\javax.servlet-api\3.1.0\javax.servlet-api-3.1.0.jar;C:\Users\Ajay Kumar\.m2\repository\org\eclipse\jetty\websocket\websocket-api\9.4.8.v20180619\websocket-api-9.4.8.v20180619.jar;C:\Users\Ajay Kumar\.m2\repository\org\eclipse\jetty\websocket\websocket-client\9.4.8.v20180619\websocket-client-9.4.8.v20180619.jar;C:\Users\Ajay Kumar\.m2\repository\org\eclipse\jetty\websocket\websocket-common\9.4.8.v20180619\websocket-common-9.4.8.v20180619.jar;C:\Users\Ajay Kumar\.m2\repository\xalan\serializer\2.7.2\serializer-2.7.2.jar;C:\Users\Ajay Kumar\.m2\repository\xalan\xalan\2.7.2\xalan-2.7.2.jar;C:\Users\Ajay Kumar\.m2\repository\xerces\xercesImpl\2.11.0\xercesImpl-2.11.0.jar;C:\Users\Ajay Kumar\.m2\repository\xml-apis\xml-apis\1.4.01\xml-apis-1.4.01.jar;C:\Users\Ajay Kumar\.m2\repository\org\yaml\snakeyaml\1.19\snakeyaml-1.19.jar;C:\Users\Ajay Kumar\.m2\repository\javax\mail\javax.mail-api\1.5.5\javax.mail-api-1.5.5.jar;C:\Users\Ajay Kumar\.m2\repository\com\aventstack\extentreports\4.1.3\extentreports-4.1.3.jar;C:\Users\Ajay Kumar\.m2\repository\org\freemarker\freemarker\2.3.29\freemarker-2.3.29.jar;C:\Users\Ajay Kumar\.m2\repository\org\mongodb\mongodb-driver\3.12.0\mongodb-driver-3.12.0.jar;C:\Users\Ajay Kumar\.m2\repository\org\mongodb\mongodb-driver-core\3.12.0\mongodb-driver-core-3.12.0.jar;C:\Users\Ajay Kumar\.m2\repository\org\mongodb\bson\3.12.0\bson-3.12.0.jar;C:\Users\Ajay Kumar\.m2\repository\com\google\code\gson\gson\2.8.5\gson-2.8.5.jar;C:\Users\Ajay Kumar\.m2\repository\com\googlecode\json-simple\json-simple\1.1\json-simple-1.1.jar;C:\Users\Ajay Kumar\.m2\repository\commons-io\commons-io\2.6\commons-io-2.6.jar;C:\Users\Ajay Kumar\.m2\repository\commons-configuration\commons-configuration\1.10\commons-configuration-1.10.jar;C:\Users\Ajay Kumar\.m2\repository\commons-lang\commons-lang\2.6\commons-lang-2.6.jar;"/>
    <property name="java.vm.vendor" value="Oracle Corporation"/>
    <property name="sun.arch.data.model" value="64"/>
    <property name="user.variant" value=""/>
    <property name="java.vendor.url" value="http://java.oracle.com/"/>
    <property name="user.timezone" value="Asia/Calcutta"/>
    <property name="java.vm.specification.version" value="1.8"/>
    <property name="os.name" value="Windows 10"/>
    <property name="user.country" value="IN"/>
    <property name="sun.java.launcher" value="SUN_STANDARD"/>
    <property name="sun.boot.library.path" value="C:\Program Files\Java\jdk1.8.0_221\jre\bin"/>
    <property name="sun.java.command" value="C:\Users\AJAYKU~1\AppData\Local\Temp\surefire9151035330468001699\surefirebooter6102501250482263868.jar C:\Users\Ajay Kumar\AppData\Local\Temp\surefire9151035330468001699 2020-08-18T15-27-38_222-jvmRun1 surefire7518431676742220288tmp surefire_06408061001290139681tmp"/>
    <property name="surefire.test.class.path" value="C:\Users\Ajay Kumar\IdeaProjects\automation-framework-pom\target\test-classes;C:\Users\Ajay Kumar\IdeaProjects\automation-framework-pom\target\classes;C:\Users\Ajay Kumar\.m2\repository\org\seleniumhq\selenium\htmlunit-driver\2.39.0\htmlunit-driver-2.39.0.jar;C:\Users\Ajay Kumar\.m2\repository\org\seleniumhq\selenium\selenium-api\3.141.59\selenium-api-3.141.59.jar;C:\Users\Ajay Kumar\.m2\repository\org\seleniumhq\selenium\selenium-support\3.141.59\selenium-support-3.141.59.jar;C:\Users\Ajay Kumar\.m2\repository\net\sourceforge\htmlunit\htmlunit\2.39.0\htmlunit-2.39.0.jar;C:\Users\Ajay Kumar\.m2\repository\org\brotli\dec\0.1.2\dec-0.1.2.jar;C:\Users\Ajay Kumar\.m2\repository\org\seleniumhq\selenium\selenium-remote-driver\3.141.59\selenium-remote-driver-3.141.59.jar;C:\Users\Ajay Kumar\.m2\repository\net\bytebuddy\byte-buddy\1.8.15\byte-buddy-1.8.15.jar;C:\Users\Ajay Kumar\.m2\repository\org\apache\commons\commons-exec\1.3\commons-exec-1.3.jar;C:\Users\Ajay Kumar\.m2\repository\com\google\guava\guava\25.0-jre\guava-25.0-jre.jar;C:\Users\Ajay Kumar\.m2\repository\com\google\code\findbugs\jsr305\1.3.9\jsr305-1.3.9.jar;C:\Users\Ajay Kumar\.m2\repository\org\checkerframework\checker-compat-qual\2.0.0\checker-compat-qual-2.0.0.jar;C:\Users\Ajay Kumar\.m2\repository\com\google\errorprone\error_prone_annotations\2.1.3\error_prone_annotations-2.1.3.jar;C:\Users\Ajay Kumar\.m2\repository\com\google\j2objc\j2objc-annotations\1.1\j2objc-annotations-1.1.jar;C:\Users\Ajay Kumar\.m2\repository\org\codehaus\mojo\animal-sniffer-annotations\1.14\animal-sniffer-annotations-1.14.jar;C:\Users\Ajay Kumar\.m2\repository\com\squareup\okhttp3\okhttp\3.11.0\okhttp-3.11.0.jar;C:\Users\Ajay Kumar\.m2\repository\com\squareup\okio\okio\1.14.0\okio-1.14.0.jar;C:\Users\Ajay Kumar\.m2\repository\org\seleniumhq\selenium\selenium-java\3.141.59\selenium-java-3.141.59.jar;C:\Users\Ajay Kumar\.m2\repository\org\seleniumhq\selenium\selenium-chrome-driver\3.141.59\selenium-chrome-driver-3.141.59.jar;C:\Users\Ajay Kumar\.m2\repository\org\seleniumhq\selenium\selenium-edge-driver\3.141.59\selenium-edge-driver-3.141.59.jar;C:\Users\Ajay Kumar\.m2\repository\org\seleniumhq\selenium\selenium-firefox-driver\3.141.59\selenium-firefox-driver-3.141.59.jar;C:\Users\Ajay Kumar\.m2\repository\org\seleniumhq\selenium\selenium-ie-driver\3.141.59\selenium-ie-driver-3.141.59.jar;C:\Users\Ajay Kumar\.m2\repository\org\seleniumhq\selenium\selenium-opera-driver\3.141.59\selenium-opera-driver-3.141.59.jar;C:\Users\Ajay Kumar\.m2\repository\org\seleniumhq\selenium\selenium-safari-driver\3.141.59\selenium-safari-driver-3.141.59.jar;C:\Users\Ajay Kumar\.m2\repository\javax\mail\mail\1.4\mail-1.4.jar;C:\Users\Ajay Kumar\.m2\repository\javax\activation\activation\1.1\activation-1.1.jar;C:\Users\Ajay Kumar\.m2\repository\org\apache\logging\log4j\log4j-core\2.13.0\log4j-core-2.13.0.jar;C:\Users\Ajay Kumar\.m2\repository\org\apache\logging\log4j\log4j-api\2.13.0\log4j-api-2.13.0.jar;C:\Users\Ajay Kumar\.m2\repository\org\assertj\assertj-core\3.14.0\assertj-core-3.14.0.jar;C:\Users\Ajay Kumar\.m2\repository\io\github\bonigarcia\webdrivermanager\2.2.1\webdrivermanager-2.2.1.jar;C:\Users\Ajay Kumar\.m2\repository\org\slf4j\slf4j-api\1.7.24\slf4j-api-1.7.24.jar;C:\Users\Ajay Kumar\.m2\repository\org\apache\commons\commons-lang3\3.5\commons-lang3-3.5.jar;C:\Users\Ajay Kumar\.m2\repository\org\apache\httpcomponents\httpclient\4.5.3\httpclient-4.5.3.jar;C:\Users\Ajay Kumar\.m2\repository\org\rauschig\jarchivelib\0.7.1\jarchivelib-0.7.1.jar;C:\Users\Ajay Kumar\.m2\repository\org\jsoup\jsoup\1.10.2\jsoup-1.10.2.jar;C:\Users\Ajay Kumar\.m2\repository\ch\qos\logback\logback-classic\1.2.3\logback-classic-1.2.3.jar;C:\Users\Ajay Kumar\.m2\repository\ch\qos\logback\logback-core\1.2.3\logback-core-1.2.3.jar;C:\Users\Ajay Kumar\.m2\repository\ru\yandex\qatools\ashot\ashot\1.5.2\ashot-1.5.2.jar;C:\Users\Ajay Kumar\.m2\repository\org\hamcrest\hamcrest-all\1.3\hamcrest-all-1.3.jar;C:\Users\Ajay Kumar\.m2\repository\com\googlecode\lambdaj\lambdaj\2.3.3\lambdaj-2.3.3.jar;C:\Users\Ajay Kumar\.m2\repository\org\objenesis\objenesis\1.2\objenesis-1.2.jar;C:\Users\Ajay Kumar\.m2\repository\cglib\cglib-nodep\2.2\cglib-nodep-2.2.jar;C:\Users\Ajay Kumar\.m2\repository\org\testng\testng\7.0.0\testng-7.0.0.jar;C:\Users\Ajay Kumar\.m2\repository\com\beust\jcommander\1.72\jcommander-1.72.jar;C:\Users\Ajay Kumar\.m2\repository\com\deque\axe-selenium\3.0\axe-selenium-3.0.jar;C:\Users\Ajay Kumar\.m2\repository\org\json\json\20160212\json-20160212.jar;C:\Users\Ajay Kumar\.m2\repository\org\apache\poi\poi\4.1.1\poi-4.1.1.jar;C:\Users\Ajay Kumar\.m2\repository\commons-codec\commons-codec\1.13\commons-codec-1.13.jar;C:\Users\Ajay Kumar\.m2\repository\org\apache\commons\commons-collections4\4.4\commons-collections4-4.4.jar;C:\Users\Ajay Kumar\.m2\repository\org\apache\commons\commons-math3\3.6.1\commons-math3-3.6.1.jar;C:\Users\Ajay Kumar\.m2\repository\org\apache\poi\poi-ooxml\4.1.1\poi-ooxml-4.1.1.jar;C:\Users\Ajay Kumar\.m2\repository\org\apache\poi\poi-ooxml-schemas\4.1.1\poi-ooxml-schemas-4.1.1.jar;C:\Users\Ajay Kumar\.m2\repository\org\apache\xmlbeans\xmlbeans\3.1.0\xmlbeans-3.1.0.jar;C:\Users\Ajay Kumar\.m2\repository\org\apache\commons\commons-compress\1.19\commons-compress-1.19.jar;C:\Users\Ajay Kumar\.m2\repository\com\github\virtuald\curvesapi\1.06\curvesapi-1.06.jar;C:\Users\Ajay Kumar\.m2\repository\org\seleniumhq\selenium\selenium-server\3.14.0\selenium-server-3.14.0.jar;C:\Users\Ajay Kumar\.m2\repository\org\apache\commons\commons-text\1.1\commons-text-1.1.jar;C:\Users\Ajay Kumar\.m2\repository\commons-logging\commons-logging\1.2\commons-logging-1.2.jar;C:\Users\Ajay Kumar\.m2\repository\commons-net\commons-net\3.6\commons-net-3.6.jar;C:\Users\Ajay Kumar\.m2\repository\net\sourceforge\htmlunit\htmlunit-core-js\2.28\htmlunit-core-js-2.28.jar;C:\Users\Ajay Kumar\.m2\repository\net\sourceforge\htmlunit\htmlunit-cssparser\1.0.0\htmlunit-cssparser-1.0.0.jar;C:\Users\Ajay Kumar\.m2\repository\net\sourceforge\htmlunit\neko-htmlunit\2.30\neko-htmlunit-2.30.jar;C:\Users\Ajay Kumar\.m2\repository\org\apache\httpcomponents\httpcore\4.4.9\httpcore-4.4.9.jar;C:\Users\Ajay Kumar\.m2\repository\org\apache\httpcomponents\httpmime\4.5.5\httpmime-4.5.5.jar;C:\Users\Ajay Kumar\.m2\repository\net\jcip\jcip-annotations\1.0\jcip-annotations-1.0.jar;C:\Users\Ajay Kumar\.m2\repository\org\seleniumhq\selenium\jetty-repacked\9.4.8.v20180619\jetty-repacked-9.4.8.v20180619.jar;C:\Users\Ajay Kumar\.m2\repository\org\eclipse\jetty\jetty-client\9.4.8.v20180619\jetty-client-9.4.8.v20180619.jar;C:\Users\Ajay Kumar\.m2\repository\org\eclipse\jetty\jetty-http\9.4.8.v20180619\jetty-http-9.4.8.v20180619.jar;C:\Users\Ajay Kumar\.m2\repository\org\eclipse\jetty\jetty-io\9.4.8.v20180619\jetty-io-9.4.8.v20180619.jar;C:\Users\Ajay Kumar\.m2\repository\org\eclipse\jetty\jetty-util\9.4.8.v20180619\jetty-util-9.4.8.v20180619.jar;C:\Users\Ajay Kumar\.m2\repository\org\eclipse\jetty\jetty-xml\9.4.8.v20180619\jetty-xml-9.4.8.v20180619.jar;C:\Users\Ajay Kumar\.m2\repository\javax\servlet\javax.servlet-api\3.1.0\javax.servlet-api-3.1.0.jar;C:\Users\Ajay Kumar\.m2\repository\org\eclipse\jetty\websocket\websocket-api\9.4.8.v20180619\websocket-api-9.4.8.v20180619.jar;C:\Users\Ajay Kumar\.m2\repository\org\eclipse\jetty\websocket\websocket-client\9.4.8.v20180619\websocket-client-9.4.8.v20180619.jar;C:\Users\Ajay Kumar\.m2\repository\org\eclipse\jetty\websocket\websocket-common\9.4.8.v20180619\websocket-common-9.4.8.v20180619.jar;C:\Users\Ajay Kumar\.m2\repository\xalan\serializer\2.7.2\serializer-2.7.2.jar;C:\Users\Ajay Kumar\.m2\repository\xalan\xalan\2.7.2\xalan-2.7.2.jar;C:\Users\Ajay Kumar\.m2\repository\xerces\xercesImpl\2.11.0\xercesImpl-2.11.0.jar;C:\Users\Ajay Kumar\.m2\repository\xml-apis\xml-apis\1.4.01\xml-apis-1.4.01.jar;C:\Users\Ajay Kumar\.m2\repository\org\yaml\snakeyaml\1.19\snakeyaml-1.19.jar;C:\Users\Ajay Kumar\.m2\repository\javax\mail\javax.mail-api\1.5.5\javax.mail-api-1.5.5.jar;C:\Users\Ajay Kumar\.m2\repository\com\aventstack\extentreports\4.1.3\extentreports-4.1.3.jar;C:\Users\Ajay Kumar\.m2\repository\org\freemarker\freemarker\2.3.29\freemarker-2.3.29.jar;C:\Users\Ajay Kumar\.m2\repository\org\mongodb\mongodb-driver\3.12.0\mongodb-driver-3.12.0.jar;C:\Users\Ajay Kumar\.m2\repository\org\mongodb\mongodb-driver-core\3.12.0\mongodb-driver-core-3.12.0.jar;C:\Users\Ajay Kumar\.m2\repository\org\mongodb\bson\3.12.0\bson-3.12.0.jar;C:\Users\Ajay Kumar\.m2\repository\com\google\code\gson\gson\2.8.5\gson-2.8.5.jar;C:\Users\Ajay Kumar\.m2\repository\com\googlecode\json-simple\json-simple\1.1\json-simple-1.1.jar;C:\Users\Ajay Kumar\.m2\repository\commons-io\commons-io\2.6\commons-io-2.6.jar;C:\Users\Ajay Kumar\.m2\repository\commons-configuration\commons-configuration\1.10\commons-configuration-1.10.jar;C:\Users\Ajay Kumar\.m2\repository\commons-lang\commons-lang\2.6\commons-lang-2.6.jar;"/>
    <property name="sun.cpu.endian" value="little"/>
    <property name="user.home" value="C:\Users\Ajay Kumar"/>
    <property name="user.language" value="en"/>
    <property name="java.specification.vendor" value="Oracle Corporation"/>
    <property name="java.home" value="C:\Program Files\Java\jdk1.8.0_221\jre"/>
    <property name="basedir" value="C:\Users\Ajay Kumar\IdeaProjects\automation-framework-pom"/>
    <property name="file.separator" value="\"/>
    <property name="line.separator" value="&#10;"/>
    <property name="java.vm.specification.vendor" value="Oracle Corporation"/>
    <property name="java.specification.name" value="Java Platform API Specification"/>
    <property name="java.awt.graphicsenv" value="sun.awt.Win32GraphicsEnvironment"/>
    <property name="idea.version2020.1.2" value="true"/>
    <property name="surefire.real.class.path" value="C:\Users\AJAYKU~1\AppData\Local\Temp\surefire9151035330468001699\surefirebooter6102501250482263868.jar"/>
    <property name="sun.boot.class.path" value="C:\Program Files\Java\jdk1.8.0_221\jre\lib\resources.jar;C:\Program Files\Java\jdk1.8.0_221\jre\lib\rt.jar;C:\Program Files\Java\jdk1.8.0_221\jre\lib\sunrsasign.jar;C:\Program Files\Java\jdk1.8.0_221\jre\lib\jsse.jar;C:\Program Files\Java\jdk1.8.0_221\jre\lib\jce.jar;C:\Program Files\Java\jdk1.8.0_221\jre\lib\charsets.jar;C:\Program Files\Java\jdk1.8.0_221\jre\lib\jfr.jar;C:\Program Files\Java\jdk1.8.0_221\jre\classes"/>
    <property name="user.script" value=""/>
    <property name="sun.management.compiler" value="HotSpot 64-Bit Tiered Compilers"/>
    <property name="java.runtime.version" value="1.8.0_221-b11"/>
    <property name="user.name" value="Ajay Kumar"/>
    <property name="path.separator" value=";"/>
    <property name="os.version" value="10.0"/>
    <property name="java.endorsed.dirs" value="C:\Program Files\Java\jdk1.8.0_221\jre\lib\endorsed"/>
    <property name="java.runtime.name" value="Java(TM) SE Runtime Environment"/>
    <property name="file.encoding" value="Cp1252"/>
    <property name="java.vm.name" value="Java HotSpot(TM) 64-Bit Server VM"/>
    <property name="localRepository" value="C:\Users\Ajay Kumar\.m2\repository"/>
    <property name="java.vendor.url.bug" value="http://bugreport.sun.com/bugreport/"/>
    <property name="java.io.tmpdir" value="C:\Users\AJAYKU~1\AppData\Local\Temp\"/>
    <property name="java.version" value="1.8.0_221"/>
    <property name="user.dir" value="C:\Users\Ajay Kumar\IdeaProjects\automation-framework-pom"/>
    <property name="os.arch" value="amd64"/>
    <property name="java.vm.specification.name" value="Java Virtual Machine Specification"/>
    <property name="java.awt.printerjob" value="sun.awt.windows.WPrinterJob"/>
    <property name="sun.os.patch.level" value=""/>
    <property name="java.library.path" value="C:\Program Files\Java\jdk1.8.0_221\jre\bin;C:\WINDOWS\Sun\Java\bin;C:\WINDOWS\system32;C:\WINDOWS;C:\Program Files (x86)\Common Files\Oracle\Java\javapath;C:\Program Files (x86)\Intel\Intel(R) Management Engine Components\iCLS\;C:\Program Files\Intel\Intel(R) Management Engine Components\iCLS\;C:\WINDOWS\system32;C:\WINDOWS;C:\WINDOWS\System32\Wbem;C:\WINDOWS\System32\WindowsPowerShell\v1.0\;C:\WINDOWS\System32\OpenSSH\;C:\Program Files (x86)\Intel\Intel(R) Management Engine Components\DAL;C:\Program Files\Intel\Intel(R) Management Engine Components\DAL;C:\Program Files\Java\jdk1.8.0_221\bin;C:\apache-maven-3.6.1\bin;C:\Users\Ajay Kumar\AppData\Local\Programs\Python\Python37\Scripts;C:\Users\Ajay Kumar\AppData\Local\Programs\Python\Python37;C:\Program Files\nodejs\;C:\Program Files (x86)\ClockworkMod\Universal Adb Driver;C:\Program Files\Git\cmd;C:\Program Files\MySQL\MySQL Shell 8.0\bin\;C:\Users\Ajay Kumar\AppData\Local\Microsoft\WindowsApps;C:\Users\Ajay Kumar\AppData\Roaming\npm;C:\Program Files\JetBrains\IntelliJ IDEA Community Edition 2020.1.1\bin;;;."/>
    <property name="java.vm.info" value="mixed mode"/>
    <property name="java.vendor" value="Oracle Corporation"/>
    <property name="java.vm.version" value="25.221-b11"/>
    <property name="java.ext.dirs" value="C:\Program Files\Java\jdk1.8.0_221\jre\lib\ext;C:\WINDOWS\Sun\Java\lib\ext"/>
    <property name="sun.io.unicode.encoding" value="UnicodeLittle"/>
    <property name="java.class.version" value="52.0"/>
  </properties>
  <testcase name="Test_001" classname="testscripts.IRCTCBooking" time="39.686">
    <failure message="unknown error: Element &lt;button _ngcontent-c2=&quot;&quot; class=&quot;btn btn-primary&quot; type=&quot;submit&quot; aria-label=&quot;Confirmation. For trains with Pantry Car, Cooked Food shall not be available in trains. Only Packed Items, Ready to eat, Packaged drinking water and Tea/Coffee/Beverages will be available on limited trains and station catering units.&lt;a class=&amp;quot;txt-msg-info&amp;quot; target=&amp;quot;_blank&amp;quot; href=&amp;quot;http://contents.irctc.co.in/en/ListofTrainswithPantryCar.pdf&amp;quot;&gt;Please click here for List of trains.&lt;/a&gt;&lt;br/&gt;&lt;br/&gt;For trains without Pantry Car, No food will be provided in train. Passengers should make their own arrangement for food and drinking water for rail travel. &lt;a class=&amp;quot;txt-msg-info&amp;quot; target=&amp;quot;_blank&amp;quot;href=&amp;quot;http://contents.irctc.co.in/en/ListofTrainswithNoPantryCar.pdf&amp;quot;&gt;Please click here for List of trains.&lt;/a&gt;&lt;br/&gt; &lt;br/&gt;COVID 19 Alert:&lt;br/&gt; &lt;br/&gt; During COVID-19, You are Responsible for Your Own Health:&lt;br/&gt;&lt;br/&gt;&lt;i class=&amp;quot;fa fa-circle&amp;quot; &gt;&lt;/i&gt; Use Face Mask, Maintain Social Distancing and Wash Hands Frequently&lt;br/&gt;&lt;br/&gt;&lt;i class=&amp;quot;fa fa-circle&amp;quot; &gt;&lt;/i&gt;Indian Railways has restarted passenger train operations from 12th May, 2020, initially with 15 pairs of trains (30 return journeys).&lt;br/&gt;&lt;br/&gt;&lt;div class=&amp;quot;modal-title&amp;quot; style=&amp;quot;font-size:1.8rem&amp;quot;&gt;&lt;i class=&amp;quot;fa fa-circle&amp;quot; &gt;&lt;/i&gt;Dear passengers,  it is advisable to download Aarogya Setu App on your mobile phone, before commencing Rail journey. &lt;/div&gt;&lt;br/&gt;&lt;br/&gt; &lt;div class=&amp;quot;modal-title&amp;quot; style=&amp;quot;font-size:1.8rem&amp;quot;&gt;&lt;i class=&amp;quot;fa fa-circle&amp;quot; &gt;&lt;/i&gt;All Passenger to kindly note that on arrival at their destination, the traveling passengers will have to adhere to such health protocols as are prescribed by the destination State/UT. &lt;a class=&amp;quot;txt-msg-info&amp;quot; target=&amp;quot;_blank&amp;quot; href=&amp;quot;http://contents.irctc.co.in/en/stateWiseAdvisory.html&amp;quot;&gt;Click Here to see state wise advisory on Arrival(As available). &lt;/a&gt;For other states, State Govt websites may be visited to ascertain the same.&lt;/div&gt;&lt;br/&gt;&lt;br/&gt;&lt;i class=&amp;quot;fa fa-circle&amp;quot; &gt;&lt;/i&gt; For trains cancelled till 30th June 2020 by Indian Railways, full refund will be provided automatically by IRCTC. Users need not cancel their e-tickets. Full fare will be credited back into users accounts from which payment was made.&lt;br/&gt;&lt;br/&gt;&lt;i class=&amp;quot;fa fa-circle&amp;quot; &gt;&lt;/i&gt; Catering Service is not available and catering charges not included in the fare.&lt;br/&gt;&lt;br/&gt;&lt;i class=&amp;quot;fa fa-circle&amp;quot; &gt;&lt;/i&gt; No blanket and linen shall be provided in the train.&lt;br/&gt;&lt;br/&gt;&lt;i class=&amp;quot;fa fa-circle&amp;quot; &gt;&lt;/i&gt;There are Maximum Waiting List Limits in the PRS booking system for which Waitlisted Tickets can be issued after all confirmed tickets are exhausted. Your ticket booking request may get declined as the Maximum Waiting List Limit may be reached in the booking system by the time payment success response is received from your bank. In such case, your deducted amount  will be refunded back, without any deductions, to your bank account in 3-5 working days. Inconvenience caused is regretted.. Press ... to confirm&quot;&gt;Ok&lt;/button&gt; is not clickable at point (39, 11). Other element would receive the click: &lt;label _ngcontent-c9=&quot;&quot; class=&quot;css-label_c t_c&quot; for=&quot;dateSpecific&quot; style=&quot;color: #082b71;&quot;&gt;...&lt;/label&gt;&#10;  (Session info: chrome=84.0.4147.125)&#10;  (Driver info: chromedriver=2.42.591088 (7b2b2dca23cca0862f674758c9a3933e685c27d5),platform=Windows NT 10.0.18363 x86_64) (WARNING: The server did not provide any stacktrace information)&#10;Command duration or timeout: 0 milliseconds&#10;Build info: version: &apos;3.141.59&apos;, revision: &apos;e82be7d358&apos;, time: &apos;2018-11-14T08:17:03&apos;&#10;System info: host: &apos;LAPTOP-6FNG226P&apos;, ip: &apos;192.168.43.166&apos;, os.name: &apos;Windows 10&apos;, os.arch: &apos;amd64&apos;, os.version: &apos;10.0&apos;, java.version: &apos;1.8.0_221&apos;&#10;Driver info: org.openqa.selenium.chrome.ChromeDriver&#10;Capabilities {acceptInsecureCerts: false, acceptSslCerts: false, applicationCacheEnabled: false, browserConnectionEnabled: false, browserName: chrome, chrome: {chromedriverVersion: 2.42.591088 (7b2b2dca23cca0..., userDataDir: C:\Users\AJAYKU~1\AppData\L...}, cssSelectorsEnabled: true, databaseEnabled: false, goog:chromeOptions: {debuggerAddress: localhost:56874}, handlesAlerts: true, hasTouchScreen: false, javascriptEnabled: true, locationContextEnabled: true, mobileEmulationEnabled: false, nativeEvents: true, networkConnectionEnabled: false, pageLoadStrategy: normal, platform: XP, platformName: XP, rotatable: false, setWindowRect: true, takesHeapSnapshot: true, takesScreenshot: true, unexpectedAlertBehaviour: , unhandledPromptBehavior: , version: 84.0.4147.125, webStorageEnabled: true}&#10;Session ID: 52ab61309bbeddc777b3b97488e29662" type="org.openqa.selenium.WebDriverException"><![CDATA[org.openqa.selenium.WebDriverException: 
unknown error: Element <button _ngcontent-c2="" class="btn btn-primary" type="submit" aria-label="Confirmation. For trains with Pantry Car, Cooked Food shall not be available in trains. Only Packed Items, Ready to eat, Packaged drinking water and Tea/Coffee/Beverages will be available on limited trains and station catering units.<a class=&quot;txt-msg-info&quot; target=&quot;_blank&quot; href=&quot;http://contents.irctc.co.in/en/ListofTrainswithPantryCar.pdf&quot;>Please click here for List of trains.</a><br/><br/>For trains without Pantry Car, No food will be provided in train. Passengers should make their own arrangement for food and drinking water for rail travel. <a class=&quot;txt-msg-info&quot; target=&quot;_blank&quot;href=&quot;http://contents.irctc.co.in/en/ListofTrainswithNoPantryCar.pdf&quot;>Please click here for List of trains.</a><br/> <br/>COVID 19 Alert:<br/> <br/> During COVID-19, You are Responsible for Your Own Health:<br/><br/><i class=&quot;fa fa-circle&quot; ></i> Use Face Mask, Maintain Social Distancing and Wash Hands Frequently<br/><br/><i class=&quot;fa fa-circle&quot; ></i>Indian Railways has restarted passenger train operations from 12th May, 2020, initially with 15 pairs of trains (30 return journeys).<br/><br/><div class=&quot;modal-title&quot; style=&quot;font-size:1.8rem&quot;><i class=&quot;fa fa-circle&quot; ></i>Dear passengers,  it is advisable to download Aarogya Setu App on your mobile phone, before commencing Rail journey. </div><br/><br/> <div class=&quot;modal-title&quot; style=&quot;font-size:1.8rem&quot;><i class=&quot;fa fa-circle&quot; ></i>All Passenger to kindly note that on arrival at their destination, the traveling passengers will have to adhere to such health protocols as are prescribed by the destination State/UT. <a class=&quot;txt-msg-info&quot; target=&quot;_blank&quot; href=&quot;http://contents.irctc.co.in/en/stateWiseAdvisory.html&quot;>Click Here to see state wise advisory on Arrival(As available). </a>For other states, State Govt websites may be visited to ascertain the same.</div><br/><br/><i class=&quot;fa fa-circle&quot; ></i> For trains cancelled till 30th June 2020 by Indian Railways, full refund will be provided automatically by IRCTC. Users need not cancel their e-tickets. Full fare will be credited back into users accounts from which payment was made.<br/><br/><i class=&quot;fa fa-circle&quot; ></i> Catering Service is not available and catering charges not included in the fare.<br/><br/><i class=&quot;fa fa-circle&quot; ></i> No blanket and linen shall be provided in the train.<br/><br/><i class=&quot;fa fa-circle&quot; ></i>There are Maximum Waiting List Limits in the PRS booking system for which Waitlisted Tickets can be issued after all confirmed tickets are exhausted. Your ticket booking request may get declined as the Maximum Waiting List Limit may be reached in the booking system by the time payment success response is received from your bank. In such case, your deducted amount  will be refunded back, without any deductions, to your bank account in 3-5 working days. Inconvenience caused is regretted.. Press ... to confirm">Ok</button> is not clickable at point (39, 11). Other element would receive the click: <label _ngcontent-c9="" class="css-label_c t_c" for="dateSpecific" style="color: #082b71;">...</label>
  (Session info: chrome=84.0.4147.125)
  (Driver info: chromedriver=2.42.591088 (7b2b2dca23cca0862f674758c9a3933e685c27d5),platform=Windows NT 10.0.18363 x86_64) (WARNING: The server did not provide any stacktrace information)
Command duration or timeout: 0 milliseconds
Build info: version: '3.141.59', revision: 'e82be7d358', time: '2018-11-14T08:17:03'
System info: host: 'LAPTOP-6FNG226P', ip: '192.168.43.166', os.name: 'Windows 10', os.arch: 'amd64', os.version: '10.0', java.version: '1.8.0_221'
Driver info: org.openqa.selenium.chrome.ChromeDriver
Capabilities {acceptInsecureCerts: false, acceptSslCerts: false, applicationCacheEnabled: false, browserConnectionEnabled: false, browserName: chrome, chrome: {chromedriverVersion: 2.42.591088 (7b2b2dca23cca0..., userDataDir: C:\Users\AJAYKU~1\AppData\L...}, cssSelectorsEnabled: true, databaseEnabled: false, goog:chromeOptions: {debuggerAddress: localhost:56874}, handlesAlerts: true, hasTouchScreen: false, javascriptEnabled: true, locationContextEnabled: true, mobileEmulationEnabled: false, nativeEvents: true, networkConnectionEnabled: false, pageLoadStrategy: normal, platform: XP, platformName: XP, rotatable: false, setWindowRect: true, takesHeapSnapshot: true, takesScreenshot: true, unexpectedAlertBehaviour: , unhandledPromptBehavior: , version: 84.0.4147.125, webStorageEnabled: true}
Session ID: 52ab61309bbeddc777b3b97488e29662
	at testscripts.IRCTCBooking.Test_001(IRCTCBooking.java:12)
]]></failure>
    <system-out><![CDATA[Test Report Directory is created: C:\Users\Ajay Kumar\IdeaProjects\automation-framework-pom/extent-report/IRCTCBooking/2020.08.18.15.27.40/html-report
15:42:704 [TestNG-tests-1] INFO : testscripts.IRCTCBooking - techStach is not defined in vm arguments. getting the configuration from config.properties file
15:42:780 [TestNG-tests-1] DEBUG: pageobjects.IRCTCLoginPage - obtaining the driver for current thread
15:00:028 [TestNG-tests-1] DEBUG: pageobjects.IRCTCLoginPage - obtaining the driver for current thread
15:00:028 [TestNG-tests-1] INFO : pageobjects.IRCTCLoginPage - returning the value ofIRCTCfrom JSON
15:21:226 [TestNG-tests-1] DEBUG: pageobjects.IRCTCLoginPage - obtaining the wait for current thread
15:21:647 [TestNG-tests-1] DEBUG: pageobjects.IRCTCLoginPage - obtaining the wait for current thread
15:21:698 [TestNG-tests-1] INFO : pageobjects.IRCTCLoginPage - element by 'By.xpath: //button[text()='Ok']' located successfully
15:21:698 [TestNG-tests-1] DEBUG: pageobjects.IRCTCLoginPage - obtaining the driver for current thread
]]></system-out>
    <system-err><![CDATA[Aug 18, 2020 3:27:55 PM org.openqa.selenium.remote.ProtocolHandshake createSession
INFO: Detected dialect: OSS
]]></system-err>
  </testcase>
</testsuite>