<?xml version="1.0" encoding="UTF-8"?>
<!-- Generated by org.testng.reporters.JUnitReportReporter -->
<testsuite skipped="0" hostname="LAPTOP-6FNG226P" name="testscripts.Facebook_Login" tests="1" failures="0" timestamp="2021-01-06T15:31:21 IST" time="61.395" errors="0">
  <testcase name="Test_001" time="61.395" classname="testscripts.Facebook_Login"/>
</testsuite> <!-- testscripts.Facebook_Login -->
